15:23:32.433 [main] INFO  setpDefintion.StepsLogin - ---------Launching the Browser----------
15:23:32.540 [main] INFO  setpDefintion.StepsLogin - ---------Opening Application-----------
15:23:38.030 [main] INFO  setpDefintion.StepsLogin - ----------Proving the  Credentials-----
15:23:38.225 [main] INFO  setpDefintion.StepsLogin - ------clicking the logi in button----------
15:23:44.682 [main] INFO  setpDefintion.StepsLogin - -------------Add a customer page is started------
15:23:44.759 [main] INFO  setpDefintion.StepsLogin - clicked the customermenu
15:23:49.123 [main] INFO  setpDefintion.StepsLogin - clicked the customermenuItem
15:23:49.265 [main] INFO  setpDefintion.StepsLogin - Entering the customer first name
15:23:49.392 [main] INFO  setpDefintion.StepsLogin - Entering the Last name
15:23:49.436 [main] INFO  setpDefintion.StepsLogin - Clicking the search button
15:50:41.440 [main] INFO  setpDefintion.StepsLogin - -----------Chrome Browser is launching---------
15:50:43.474 [main] INFO  setpDefintion.StepsLogin - ---------Launching the Browser----------
15:50:43.534 [main] INFO  setpDefintion.StepsLogin - ---------Opening Application-----------
15:50:59.337 [main] INFO  setpDefintion.StepsLogin - ----------Proving the  Credentials-----
15:50:59.578 [main] INFO  setpDefintion.StepsLogin - ------clicking the logi in button----------
15:51:57.568 [main] INFO  setpDefintion.StepsLogin - -----------Chrome Browser is launching---------
15:52:00.320 [main] INFO  setpDefintion.StepsLogin - ---------Launching the Browser----------
15:52:00.377 [main] INFO  setpDefintion.StepsLogin - ---------Opening Application-----------
15:52:05.460 [main] INFO  setpDefintion.StepsLogin - ----------Proving the  Credentials-----
15:52:21.973 [main] INFO  setpDefintion.StepsLogin - -----------Chrome Browser is launching---------
15:52:24.338 [main] INFO  setpDefintion.StepsLogin - ---------Launching the Browser----------
15:52:24.389 [main] INFO  setpDefintion.StepsLogin - ---------Opening Application-----------
15:52:28.408 [main] INFO  setpDefintion.StepsLogin - ----------Proving the  Credentials-----
15:15:00.560 [main] INFO  setpDefintion.StepsLogin - -----------Chrome Browser is launching---------
15:15:13.131 [main] INFO  setpDefintion.StepsLogin - ---------Launching the Browser----------
15:15:13.435 [main] INFO  setpDefintion.StepsLogin - ---------Opening Application-----------
15:15:29.345 [main] INFO  setpDefintion.StepsLogin - ----------Proving the  Credentials-----
15:15:29.979 [main] INFO  setpDefintion.StepsLogin - ------clicking the logi in button----------
15:17:45.524 [main] INFO  setpDefintion.StepsLogin - -----------Chrome Browser is launching---------
15:17:47.846 [main] INFO  setpDefintion.StepsLogin - ---------Launching the Browser----------
15:17:47.935 [main] INFO  setpDefintion.StepsLogin - ---------Opening Application-----------
15:17:54.436 [main] INFO  setpDefintion.StepsLogin - ----------Proving the  Credentials-----
15:17:54.742 [main] INFO  setpDefintion.StepsLogin - ------clicking the logi in button----------
16:08:06.806 [main] INFO  setpDefintion.StepsLogin - -----------Chrome Browser is launching---------
16:08:09.565 [main] INFO  setpDefintion.StepsLogin - ---------Launching the Browser----------
16:08:09.605 [main] INFO  setpDefintion.StepsLogin - ---------Opening Application-----------
16:08:15.763 [main] INFO  setpDefintion.StepsLogin - ----------Proving the  Credentials-----
16:08:15.980 [main] INFO  setpDefintion.StepsLogin - ------clicking the logi in button----------
16:09:41.209 [main] INFO  setpDefintion.StepsLogin - -----------Chrome Browser is launching---------
16:09:43.210 [main] INFO  setpDefintion.StepsLogin - ---------Launching the Browser----------
16:09:43.246 [main] INFO  setpDefintion.StepsLogin - ---------Opening Application-----------
16:09:50.415 [main] INFO  setpDefintion.StepsLogin - ----------Proving the  Credentials-----
16:09:50.652 [main] INFO  setpDefintion.StepsLogin - ------clicking the logi in button----------
16:11:26.126 [main] INFO  setpDefintion.StepsLogin - -----------Chrome Browser is launching---------
16:11:28.891 [main] INFO  setpDefintion.StepsLogin - ---------Launching the Browser----------
16:11:28.935 [main] INFO  setpDefintion.StepsLogin - ---------Opening Application-----------
16:11:35.636 [main] INFO  setpDefintion.StepsLogin - ----------Proving the  Credentials-----
16:11:35.847 [main] INFO  setpDefintion.StepsLogin - ------clicking the logi in button----------
16:11:46.690 [main] INFO  setpDefintion.StepsLogin - Closing the browser
17:26:54.284 [main] INFO  setpDefintion.StepsLogin - -----------Chrome Browser is launching---------
17:26:56.572 [main] INFO  setpDefintion.StepsLogin - ---------Launching the Browser----------
17:26:56.614 [main] INFO  setpDefintion.StepsLogin - ---------Opening Application-----------
17:27:03.100 [main] INFO  setpDefintion.StepsLogin - ----------Proving the  Credentials-----
17:27:03.316 [main] INFO  setpDefintion.StepsLogin - ------clicking the logi in button----------
17:29:23.286 [main] INFO  setpDefintion.StepsLogin - -----------Chrome Browser is launching---------
17:29:25.102 [main] INFO  setpDefintion.StepsLogin - ---------Launching the Browser----------
17:29:25.144 [main] INFO  setpDefintion.StepsLogin - ---------Opening Application-----------
17:29:33.468 [main] INFO  setpDefintion.StepsLogin - ----------Proving the  Credentials-----
17:29:33.673 [main] INFO  setpDefintion.StepsLogin - ------clicking the logi in button----------
17:30:19.308 [main] INFO  setpDefintion.StepsLogin - -----------Chrome Browser is launching---------
17:30:22.066 [main] INFO  setpDefintion.StepsLogin - ---------Launching the Browser----------
17:30:22.124 [main] INFO  setpDefintion.StepsLogin - ---------Opening Application-----------
17:30:27.939 [main] INFO  setpDefintion.StepsLogin - ----------Proving the  Credentials-----
17:30:28.157 [main] INFO  setpDefintion.StepsLogin - ------clicking the logi in button----------
17:32:01.096 [main] INFO  setpDefintion.StepsLogin - -----------Chrome Browser is launching---------
17:32:02.939 [main] INFO  setpDefintion.StepsLogin - ---------Launching the Browser----------
17:32:02.981 [main] INFO  setpDefintion.StepsLogin - ---------Opening Application-----------
17:32:08.277 [main] INFO  setpDefintion.StepsLogin - ----------Proving the  Credentials-----
17:32:08.483 [main] INFO  setpDefintion.StepsLogin - ------clicking the logi in button----------
17:34:27.864 [main] INFO  setpDefintion.StepsLogin - -----------Chrome Browser is launching---------
17:34:29.626 [main] INFO  setpDefintion.StepsLogin - ---------Launching the Browser----------
17:34:29.665 [main] INFO  setpDefintion.StepsLogin - ---------Opening Application-----------
17:34:35.667 [main] INFO  setpDefintion.StepsLogin - ----------Proving the  Credentials-----
17:34:35.879 [main] INFO  setpDefintion.StepsLogin - ------clicking the logi in button----------
17:36:43.520 [main] INFO  setpDefintion.StepsLogin - -----------Chrome Browser is launching---------
17:36:46.105 [main] INFO  setpDefintion.StepsLogin - ---------Launching the Browser----------
17:36:46.146 [main] INFO  setpDefintion.StepsLogin - ---------Opening Application-----------
17:36:52.304 [main] INFO  setpDefintion.StepsLogin - ----------Proving the  Credentials-----
17:36:52.528 [main] INFO  setpDefintion.StepsLogin - ------clicking the logi in button----------
17:39:17.489 [main] INFO  setpDefintion.StepsLogin - -----------Chrome Browser is launching---------
17:39:19.399 [main] INFO  setpDefintion.StepsLogin - ---------Launching the Browser----------
17:39:19.467 [main] INFO  setpDefintion.StepsLogin - ---------Opening Application-----------
17:39:24.782 [main] INFO  setpDefintion.StepsLogin - ----------Proving the  Credentials-----
17:39:24.988 [main] INFO  setpDefintion.StepsLogin - ------clicking the logi in button----------
17:39:51.111 [main] INFO  setpDefintion.StepsLogin - Closing the browser
17:40:09.007 [main] INFO  setpDefintion.StepsLogin - -----------Chrome Browser is launching---------
17:40:10.700 [main] INFO  setpDefintion.StepsLogin - ---------Launching the Browser----------
17:40:10.765 [main] INFO  setpDefintion.StepsLogin - ---------Opening Application-----------
17:40:15.732 [main] INFO  setpDefintion.StepsLogin - ----------Proving the  Credentials-----
17:40:15.948 [main] INFO  setpDefintion.StepsLogin - ------clicking the logi in button----------
17:40:26.632 [main] INFO  setpDefintion.StepsLogin - Closing the browser
17:48:17.974 [main] INFO  setpDefintion.StepsLogin - -----------Chrome Browser is launching---------
17:48:19.673 [main] INFO  setpDefintion.StepsLogin - ---------Launching the Browser----------
17:48:19.740 [main] INFO  setpDefintion.StepsLogin - ---------Opening Application-----------
17:48:25.067 [main] INFO  setpDefintion.StepsLogin - ----------Proving the  Credentials-----
17:48:25.282 [main] INFO  setpDefintion.StepsLogin - ------clicking the logi in button----------
17:48:34.638 [main] INFO  setpDefintion.StepsLogin - -------------Add a customer page is started------
17:48:34.707 [main] INFO  setpDefintion.StepsLogin - clicked the customermenu
17:48:39.783 [main] INFO  setpDefintion.StepsLogin - clicked the customermenuItem
17:48:41.370 [main] INFO  setpDefintion.StepsLogin - clicked on add new customer
17:48:41.409 [main] INFO  setpDefintion.StepsLogin - Varifying the tittle of the page
17:48:48.317 [main] INFO  setpDefintion.StepsLogin - Added the details of the new customer
17:48:50.247 [main] INFO  setpDefintion.StepsLogin - Clicked the save button
17:48:53.404 [main] INFO  setpDefintion.StepsLogin - Verifying the customer details added
17:48:53.802 [main] INFO  setpDefintion.StepsLogin - Closing the browser
17:48:53.840 [main] INFO  setpDefintion.StepsLogin - -----------Chrome Browser is launching---------
17:48:55.121 [main] INFO  setpDefintion.StepsLogin - ---------Launching the Browser----------
17:48:55.128 [main] INFO  setpDefintion.StepsLogin - ---------Opening Application-----------
17:49:00.589 [main] INFO  setpDefintion.StepsLogin - ----------Proving the  Credentials-----
17:49:00.784 [main] INFO  setpDefintion.StepsLogin - ------clicking the logi in button----------
17:49:06.574 [main] INFO  setpDefintion.StepsLogin - -------------Add a customer page is started------
17:49:06.651 [main] INFO  setpDefintion.StepsLogin - clicked the customermenu
17:49:11.263 [main] INFO  setpDefintion.StepsLogin - clicked the customermenuItem
17:49:11.409 [main] INFO  setpDefintion.StepsLogin - Entering the customer email id
17:49:11.459 [main] INFO  setpDefintion.StepsLogin - Clicking the search button
17:49:14.764 [main] INFO  setpDefintion.StepsLogin - -----------Chrome Browser is launching---------
17:49:16.054 [main] INFO  setpDefintion.StepsLogin - ---------Launching the Browser----------
17:49:16.056 [main] INFO  setpDefintion.StepsLogin - ---------Opening Application-----------
17:49:21.972 [main] INFO  setpDefintion.StepsLogin - ----------Proving the  Credentials-----
17:49:22.184 [main] INFO  setpDefintion.StepsLogin - ------clicking the logi in button----------
17:49:30.223 [main] INFO  setpDefintion.StepsLogin - -------------Add a customer page is started------
17:49:30.324 [main] INFO  setpDefintion.StepsLogin - clicked the customermenu
17:49:34.853 [main] INFO  setpDefintion.StepsLogin - clicked the customermenuItem
17:49:34.992 [main] INFO  setpDefintion.StepsLogin - Entering the customer first name
17:49:35.135 [main] INFO  setpDefintion.StepsLogin - Entering the Last name
17:49:35.187 [main] INFO  setpDefintion.StepsLogin - Clicking the search button
17:49:38.505 [main] INFO  setpDefintion.StepsLogin - -----------Chrome Browser is launching---------
17:49:39.810 [main] INFO  setpDefintion.StepsLogin - ---------Launching the Browser----------
17:49:39.812 [main] INFO  setpDefintion.StepsLogin - ---------Opening Application-----------
17:49:44.815 [main] INFO  setpDefintion.StepsLogin - ----------Proving the  Credentials-----
17:49:45.028 [main] INFO  setpDefintion.StepsLogin - ------clicking the logi in button----------
17:49:52.444 [main] INFO  setpDefintion.StepsLogin - Clicking on CatlogMenu
17:49:52.574 [main] INFO  setpDefintion.StepsLogin - Clicking on Productpage
17:49:53.944 [main] INFO  setpDefintion.StepsLogin - Entering the Product name
17:49:54.238 [main] INFO  setpDefintion.StepsLogin - Validating the table
17:49:54.966 [main] INFO  setpDefintion.StepsLogin - -----------Chrome Browser is launching---------
17:49:57.402 [main] INFO  setpDefintion.StepsLogin - ---------Launching the Browser----------
17:49:57.411 [main] INFO  setpDefintion.StepsLogin - ---------Opening Application-----------
17:50:02.275 [main] INFO  setpDefintion.StepsLogin - ----------Proving the  Credentials-----
17:50:02.493 [main] INFO  setpDefintion.StepsLogin - ------clicking the logi in button----------
17:50:12.335 [main] INFO  setpDefintion.StepsLogin - Clicking on salesMenu
17:50:12.436 [main] INFO  setpDefintion.StepsLogin - Clicking on Orders
17:50:15.571 [main] INFO  setpDefintion.StepsLogin - Entering on the email address
17:50:15.812 [main] INFO  setpDefintion.StepsLogin - Showing the list of Orders list
17:50:15.870 [main] INFO  setpDefintion.StepsLogin - Validating the Orders list
17:50:32.391 [main] INFO  setpDefintion.StepsLogin - Closing the browser
17:50:32.434 [main] INFO  setpDefintion.StepsLogin - -----------Chrome Browser is launching---------
17:50:33.737 [main] INFO  setpDefintion.StepsLogin - ---------Launching the Browser----------
17:50:33.742 [main] INFO  setpDefintion.StepsLogin - ---------Opening Application-----------
17:50:38.390 [main] INFO  setpDefintion.StepsLogin - ----------Proving the  Credentials-----
17:50:38.649 [main] INFO  setpDefintion.StepsLogin - ------clicking the logi in button----------
17:50:51.746 [main] INFO  setpDefintion.StepsLogin - ---------clicked the logout button----------
17:50:51.751 [main] INFO  setpDefintion.StepsLogin - ---------------Getting the title of the page-----------
17:51:08.007 [main] INFO  setpDefintion.StepsLogin - Closing the browser
17:59:18.488 [main] INFO  setpDefintion.StepsLogin - -----------Chrome Browser is launching---------
17:59:20.165 [main] INFO  setpDefintion.StepsLogin - ---------Launching the Browser----------
17:59:20.207 [main] INFO  setpDefintion.StepsLogin - ---------Opening Application-----------
17:59:26.004 [main] INFO  setpDefintion.StepsLogin - ----------Proving the  Credentials-----
17:59:26.235 [main] INFO  setpDefintion.StepsLogin - ------clicking the logi in button----------
17:59:36.176 [main] INFO  setpDefintion.StepsLogin - -------------Add a customer page is started------
17:59:36.280 [main] INFO  setpDefintion.StepsLogin - clicked the customermenu
17:59:41.222 [main] INFO  setpDefintion.StepsLogin - clicked the customermenuItem
17:59:43.736 [main] INFO  setpDefintion.StepsLogin - clicked on add new customer
17:59:43.742 [main] INFO  setpDefintion.StepsLogin - Varifying the tittle of the page
17:59:50.638 [main] INFO  setpDefintion.StepsLogin - Added the details of the new customer
17:59:52.121 [main] INFO  setpDefintion.StepsLogin - Clicked the save button
17:59:55.289 [main] INFO  setpDefintion.StepsLogin - Verifying the customer details added
18:00:11.559 [main] INFO  setpDefintion.StepsLogin - Closing the browser
18:00:11.623 [main] INFO  setpDefintion.StepsLogin - -----------Chrome Browser is launching---------
18:00:12.603 [main] INFO  setpDefintion.StepsLogin - ---------Launching the Browser----------
18:00:12.608 [main] INFO  setpDefintion.StepsLogin - ---------Opening Application-----------
18:00:17.493 [main] INFO  setpDefintion.StepsLogin - ----------Proving the  Credentials-----
18:00:17.684 [main] INFO  setpDefintion.StepsLogin - ------clicking the logi in button----------
18:00:23.053 [main] INFO  setpDefintion.StepsLogin - -------------Add a customer page is started------
18:00:23.143 [main] INFO  setpDefintion.StepsLogin - clicked the customermenu
18:00:27.622 [main] INFO  setpDefintion.StepsLogin - clicked the customermenuItem
18:00:27.786 [main] INFO  setpDefintion.StepsLogin - Entering the customer email id
18:00:27.834 [main] INFO  setpDefintion.StepsLogin - Clicking the search button
18:00:31.116 [main] INFO  setpDefintion.StepsLogin - -----------Chrome Browser is launching---------
18:00:32.154 [main] INFO  setpDefintion.StepsLogin - ---------Launching the Browser----------
18:00:32.157 [main] INFO  setpDefintion.StepsLogin - ---------Opening Application-----------
18:00:37.686 [main] INFO  setpDefintion.StepsLogin - ----------Proving the  Credentials-----
18:00:37.930 [main] INFO  setpDefintion.StepsLogin - ------clicking the logi in button----------
18:00:43.759 [main] INFO  setpDefintion.StepsLogin - -------------Add a customer page is started------
18:00:43.849 [main] INFO  setpDefintion.StepsLogin - clicked the customermenu
18:00:48.253 [main] INFO  setpDefintion.StepsLogin - clicked the customermenuItem
18:00:48.385 [main] INFO  setpDefintion.StepsLogin - Entering the customer first name
18:00:48.508 [main] INFO  setpDefintion.StepsLogin - Entering the Last name
18:00:48.553 [main] INFO  setpDefintion.StepsLogin - Clicking the search button
18:00:51.660 [main] INFO  setpDefintion.StepsLogin - Verifying the customer name in the table
18:01:07.885 [main] INFO  setpDefintion.StepsLogin - Closing the browser
18:01:07.937 [main] INFO  setpDefintion.StepsLogin - -----------Chrome Browser is launching---------
18:01:08.786 [main] INFO  setpDefintion.StepsLogin - ---------Launching the Browser----------
18:01:08.788 [main] INFO  setpDefintion.StepsLogin - ---------Opening Application-----------
18:01:13.834 [main] INFO  setpDefintion.StepsLogin - ----------Proving the  Credentials-----
18:01:14.032 [main] INFO  setpDefintion.StepsLogin - ------clicking the logi in button----------
18:01:22.211 [main] INFO  setpDefintion.StepsLogin - Clicking on CatlogMenu
18:01:22.294 [main] INFO  setpDefintion.StepsLogin - Clicking on Productpage
18:01:23.562 [main] INFO  setpDefintion.StepsLogin - Entering the Product name
18:01:23.845 [main] INFO  setpDefintion.StepsLogin - Validating the table
18:01:24.576 [main] INFO  setpDefintion.StepsLogin - -----------Chrome Browser is launching---------
18:01:25.706 [main] INFO  setpDefintion.StepsLogin - ---------Launching the Browser----------
18:01:25.708 [main] INFO  setpDefintion.StepsLogin - ---------Opening Application-----------
18:01:31.744 [main] INFO  setpDefintion.StepsLogin - ----------Proving the  Credentials-----
18:01:31.947 [main] INFO  setpDefintion.StepsLogin - ------clicking the logi in button----------
18:01:38.587 [main] INFO  setpDefintion.StepsLogin - Clicking on salesMenu
18:01:38.683 [main] INFO  setpDefintion.StepsLogin - Clicking on Orders
18:01:40.215 [main] INFO  setpDefintion.StepsLogin - Entering on the email address
18:01:40.340 [main] INFO  setpDefintion.StepsLogin - Showing the list of Orders list
18:01:40.403 [main] INFO  setpDefintion.StepsLogin - Validating the Orders list
18:01:56.890 [main] INFO  setpDefintion.StepsLogin - Closing the browser
18:01:56.931 [main] INFO  setpDefintion.StepsLogin - -----------Chrome Browser is launching---------
18:01:58.167 [main] INFO  setpDefintion.StepsLogin - ---------Launching the Browser----------
18:01:58.171 [main] INFO  setpDefintion.StepsLogin - ---------Opening Application-----------
18:02:03.279 [main] INFO  setpDefintion.StepsLogin - ----------Proving the  Credentials-----
18:02:03.476 [main] INFO  setpDefintion.StepsLogin - ------clicking the logi in button----------
18:02:16.793 [main] INFO  setpDefintion.StepsLogin - ---------clicked the logout button----------
18:02:16.799 [main] INFO  setpDefintion.StepsLogin - ---------------Getting the title of the page-----------
18:02:33.059 [main] INFO  setpDefintion.StepsLogin - Closing the browser
18:08:08.143 [main] INFO  setpDefintion.StepsLogin - -----------Chrome Browser is launching---------
18:08:09.932 [main] INFO  setpDefintion.StepsLogin - ---------Launching the Browser----------
18:08:09.971 [main] INFO  setpDefintion.StepsLogin - ---------Opening Application-----------
18:08:15.557 [main] INFO  setpDefintion.StepsLogin - ----------Proving the  Credentials-----
18:08:15.774 [main] INFO  setpDefintion.StepsLogin - ------clicking the logi in button----------
18:08:24.964 [main] INFO  setpDefintion.StepsLogin - Clicking on CatlogMenu
18:08:25.091 [main] INFO  setpDefintion.StepsLogin - Clicking on Productpage
18:08:26.687 [main] INFO  setpDefintion.StepsLogin - Entering the Product name
18:09:23.345 [main] INFO  setpDefintion.StepsLogin - -----------Chrome Browser is launching---------
18:09:26.785 [main] INFO  setpDefintion.StepsLogin - ---------Launching the Browser----------
18:09:26.835 [main] INFO  setpDefintion.StepsLogin - ---------Opening Application-----------
18:09:33.872 [main] INFO  setpDefintion.StepsLogin - ----------Proving the  Credentials-----
18:09:34.089 [main] INFO  setpDefintion.StepsLogin - ------clicking the logi in button----------
18:09:44.591 [main] INFO  setpDefintion.StepsLogin - Clicking on CatlogMenu
18:09:44.706 [main] INFO  setpDefintion.StepsLogin - Clicking on Productpage
18:09:48.316 [main] INFO  setpDefintion.StepsLogin - Entering the Product name
18:13:17.563 [main] INFO  setpDefintion.StepsLogin - -----------Chrome Browser is launching---------
18:13:20.240 [main] INFO  setpDefintion.StepsLogin - ---------Launching the Browser----------
18:13:20.282 [main] INFO  setpDefintion.StepsLogin - ---------Opening Application-----------
18:13:25.980 [main] INFO  setpDefintion.StepsLogin - ----------Proving the  Credentials-----
18:13:26.179 [main] INFO  setpDefintion.StepsLogin - ------clicking the logi in button----------
18:13:34.116 [main] INFO  setpDefintion.StepsLogin - Clicking on CatlogMenu
18:13:34.268 [main] INFO  setpDefintion.StepsLogin - Clicking on Productpage
18:13:35.803 [main] INFO  setpDefintion.StepsLogin - Entering the Product name
18:15:44.404 [main] INFO  setpDefintion.StepsLogin - -----------Chrome Browser is launching---------
18:15:47.766 [main] INFO  setpDefintion.StepsLogin - ---------Launching the Browser----------
18:15:47.805 [main] INFO  setpDefintion.StepsLogin - ---------Opening Application-----------
18:15:53.821 [main] INFO  setpDefintion.StepsLogin - ----------Proving the  Credentials-----
18:15:54.064 [main] INFO  setpDefintion.StepsLogin - ------clicking the logi in button----------
18:16:02.095 [main] INFO  setpDefintion.StepsLogin - Clicking on CatlogMenu
18:16:02.222 [main] INFO  setpDefintion.StepsLogin - Clicking on Productpage
18:16:03.655 [main] INFO  setpDefintion.StepsLogin - Entering the Product name
18:17:47.292 [main] INFO  setpDefintion.StepsLogin - -----------Chrome Browser is launching---------
18:17:49.715 [main] INFO  setpDefintion.StepsLogin - ---------Launching the Browser----------
18:17:49.756 [main] INFO  setpDefintion.StepsLogin - ---------Opening Application-----------
18:17:55.293 [main] INFO  setpDefintion.StepsLogin - ----------Proving the  Credentials-----
18:17:55.498 [main] INFO  setpDefintion.StepsLogin - ------clicking the logi in button----------
18:18:02.573 [main] INFO  setpDefintion.StepsLogin - Clicking on CatlogMenu
18:18:02.687 [main] INFO  setpDefintion.StepsLogin - Clicking on Productpage
18:18:04.056 [main] INFO  setpDefintion.StepsLogin - Entering the Product name
18:19:07.300 [main] INFO  setpDefintion.StepsLogin - -----------Chrome Browser is launching---------
18:19:08.936 [main] INFO  setpDefintion.StepsLogin - ---------Launching the Browser----------
18:19:08.979 [main] INFO  setpDefintion.StepsLogin - ---------Opening Application-----------
18:19:13.530 [main] INFO  setpDefintion.StepsLogin - ----------Proving the  Credentials-----
18:19:13.762 [main] INFO  setpDefintion.StepsLogin - ------clicking the logi in button----------
18:19:21.542 [main] INFO  setpDefintion.StepsLogin - Clicking on CatlogMenu
18:19:21.704 [main] INFO  setpDefintion.StepsLogin - Clicking on Productpage
18:19:23.062 [main] INFO  setpDefintion.StepsLogin - Entering the Product name
18:19:23.311 [main] INFO  setpDefintion.StepsLogin - Validating the table
18:21:37.322 [main] INFO  setpDefintion.StepsLogin - -----------Chrome Browser is launching---------
18:21:39.293 [main] INFO  setpDefintion.StepsLogin - ---------Launching the Browser----------
18:21:39.355 [main] INFO  setpDefintion.StepsLogin - ---------Opening Application-----------
18:21:44.485 [main] INFO  setpDefintion.StepsLogin - ----------Proving the  Credentials-----
18:21:44.701 [main] INFO  setpDefintion.StepsLogin - ------clicking the logi in button----------
18:21:52.705 [main] INFO  setpDefintion.StepsLogin - Clicking on CatlogMenu
18:21:52.836 [main] INFO  setpDefintion.StepsLogin - Clicking on Productpage
18:21:54.299 [main] INFO  setpDefintion.StepsLogin - Entering the Product name
18:21:54.547 [main] INFO  setpDefintion.StepsLogin - Validating the table
18:25:17.501 [main] INFO  setpDefintion.StepsLogin - -----------Chrome Browser is launching---------
18:25:20.209 [main] INFO  setpDefintion.StepsLogin - ---------Launching the Browser----------
18:25:20.278 [main] INFO  setpDefintion.StepsLogin - ---------Opening Application-----------
18:25:26.695 [main] INFO  setpDefintion.StepsLogin - ----------Proving the  Credentials-----
18:25:26.921 [main] INFO  setpDefintion.StepsLogin - ------clicking the logi in button----------
18:25:35.489 [main] INFO  setpDefintion.StepsLogin - Clicking on CatlogMenu
18:25:35.633 [main] INFO  setpDefintion.StepsLogin - Clicking on Productpage
18:25:37.211 [main] INFO  setpDefintion.StepsLogin - Entering the Product name
18:25:37.437 [main] INFO  setpDefintion.StepsLogin - Validating the table
18:26:26.784 [main] INFO  setpDefintion.StepsLogin - -----------Chrome Browser is launching---------
18:26:28.520 [main] INFO  setpDefintion.StepsLogin - ---------Launching the Browser----------
18:26:28.557 [main] INFO  setpDefintion.StepsLogin - ---------Opening Application-----------
18:26:34.068 [main] INFO  setpDefintion.StepsLogin - ----------Proving the  Credentials-----
18:26:34.272 [main] INFO  setpDefintion.StepsLogin - ------clicking the logi in button----------
18:26:40.140 [main] INFO  setpDefintion.StepsLogin - Clicking on CatlogMenu
18:26:40.289 [main] INFO  setpDefintion.StepsLogin - Clicking on Productpage
18:26:41.657 [main] INFO  setpDefintion.StepsLogin - Entering the Product name
18:26:41.900 [main] INFO  setpDefintion.StepsLogin - Validating the table
18:28:14.893 [main] INFO  setpDefintion.StepsLogin - -----------Chrome Browser is launching---------
18:28:18.852 [main] INFO  setpDefintion.StepsLogin - ---------Launching the Browser----------
18:28:18.922 [main] INFO  setpDefintion.StepsLogin - ---------Opening Application-----------
18:28:23.717 [main] INFO  setpDefintion.StepsLogin - ----------Proving the  Credentials-----
18:28:23.982 [main] INFO  setpDefintion.StepsLogin - ------clicking the logi in button----------
18:28:32.527 [main] INFO  setpDefintion.StepsLogin - Clicking on CatlogMenu
18:28:32.647 [main] INFO  setpDefintion.StepsLogin - Clicking on Productpage
18:28:34.144 [main] INFO  setpDefintion.StepsLogin - Entering the Product name
18:28:34.402 [main] INFO  setpDefintion.StepsLogin - Validating the table
18:30:02.913 [main] INFO  setpDefintion.StepsLogin - -----------Chrome Browser is launching---------
18:30:05.046 [main] INFO  setpDefintion.StepsLogin - ---------Launching the Browser----------
18:30:05.087 [main] INFO  setpDefintion.StepsLogin - ---------Opening Application-----------
18:30:09.668 [main] INFO  setpDefintion.StepsLogin - ----------Proving the  Credentials-----
18:30:09.867 [main] INFO  setpDefintion.StepsLogin - ------clicking the logi in button----------
18:30:19.157 [main] INFO  setpDefintion.StepsLogin - Clicking on CatlogMenu
18:30:19.264 [main] INFO  setpDefintion.StepsLogin - Clicking on Productpage
18:30:21.333 [main] INFO  setpDefintion.StepsLogin - Entering the Product name
18:30:21.554 [main] INFO  setpDefintion.StepsLogin - Validating the table
18:31:29.972 [main] INFO  setpDefintion.StepsLogin - -----------Chrome Browser is launching---------
18:31:31.765 [main] INFO  setpDefintion.StepsLogin - ---------Launching the Browser----------
18:31:31.843 [main] INFO  setpDefintion.StepsLogin - ---------Opening Application-----------
18:31:37.182 [main] INFO  setpDefintion.StepsLogin - ----------Proving the  Credentials-----
18:31:37.370 [main] INFO  setpDefintion.StepsLogin - ------clicking the logi in button----------
18:31:46.075 [main] INFO  setpDefintion.StepsLogin - Clicking on CatlogMenu
18:31:46.191 [main] INFO  setpDefintion.StepsLogin - Clicking on Productpage
18:31:48.143 [main] INFO  setpDefintion.StepsLogin - Entering the Product name
18:31:48.368 [main] INFO  setpDefintion.StepsLogin - Validating the table
18:34:40.959 [main] INFO  setpDefintion.StepsLogin - -----------Chrome Browser is launching---------
18:34:43.469 [main] INFO  setpDefintion.StepsLogin - ---------Launching the Browser----------
18:34:43.513 [main] INFO  setpDefintion.StepsLogin - ---------Opening Application-----------
18:34:53.085 [main] INFO  setpDefintion.StepsLogin - ----------Proving the  Credentials-----
18:34:53.299 [main] INFO  setpDefintion.StepsLogin - ------clicking the logi in button----------
18:35:02.310 [main] INFO  setpDefintion.StepsLogin - Clicking on CatlogMenu
18:35:02.449 [main] INFO  setpDefintion.StepsLogin - Clicking on Productpage
18:35:03.837 [main] INFO  setpDefintion.StepsLogin - Entering the Product name
18:35:04.065 [main] INFO  setpDefintion.StepsLogin - Validating the table
18:35:40.956 [main] INFO  setpDefintion.StepsLogin - -----------Chrome Browser is launching---------
18:35:44.147 [main] INFO  setpDefintion.StepsLogin - ---------Launching the Browser----------
18:35:44.190 [main] INFO  setpDefintion.StepsLogin - ---------Opening Application-----------
18:35:50.456 [main] INFO  setpDefintion.StepsLogin - ----------Proving the  Credentials-----
18:35:50.820 [main] INFO  setpDefintion.StepsLogin - ------clicking the logi in button----------
18:36:01.062 [main] INFO  setpDefintion.StepsLogin - Clicking on CatlogMenu
18:36:01.248 [main] INFO  setpDefintion.StepsLogin - Clicking on Productpage
18:36:29.831 [main] INFO  setpDefintion.StepsLogin - -----------Chrome Browser is launching---------
18:36:33.272 [main] INFO  setpDefintion.StepsLogin - ---------Launching the Browser----------
18:36:33.350 [main] INFO  setpDefintion.StepsLogin - ---------Opening Application-----------
18:36:39.242 [main] INFO  setpDefintion.StepsLogin - ----------Proving the  Credentials-----
18:36:39.458 [main] INFO  setpDefintion.StepsLogin - ------clicking the logi in button----------
18:36:46.040 [main] INFO  setpDefintion.StepsLogin - Clicking on CatlogMenu
18:36:46.155 [main] INFO  setpDefintion.StepsLogin - Clicking on Productpage
18:36:47.793 [main] INFO  setpDefintion.StepsLogin - Entering the Product name
18:36:48.037 [main] INFO  setpDefintion.StepsLogin - Validating the table
18:38:48.667 [main] INFO  setpDefintion.StepsLogin - -----------Chrome Browser is launching---------
18:38:51.206 [main] INFO  setpDefintion.StepsLogin - ---------Launching the Browser----------
18:38:51.254 [main] INFO  setpDefintion.StepsLogin - ---------Opening Application-----------
18:38:56.573 [main] INFO  setpDefintion.StepsLogin - ----------Proving the  Credentials-----
18:38:56.792 [main] INFO  setpDefintion.StepsLogin - ------clicking the logi in button----------
18:39:05.731 [main] INFO  setpDefintion.StepsLogin - Clicking on CatlogMenu
18:39:05.855 [main] INFO  setpDefintion.StepsLogin - Clicking on Productpage
18:39:07.545 [main] INFO  setpDefintion.StepsLogin - Entering the Product name
18:39:07.766 [main] INFO  setpDefintion.StepsLogin - Validating the table
18:41:21.247 [main] INFO  setpDefintion.StepsLogin - -----------Chrome Browser is launching---------
18:41:23.383 [main] INFO  setpDefintion.StepsLogin - ---------Launching the Browser----------
18:41:23.432 [main] INFO  setpDefintion.StepsLogin - ---------Opening Application-----------
18:41:28.538 [main] INFO  setpDefintion.StepsLogin - ----------Proving the  Credentials-----
18:41:28.733 [main] INFO  setpDefintion.StepsLogin - ------clicking the logi in button----------
18:41:36.807 [main] INFO  setpDefintion.StepsLogin - Clicking on CatlogMenu
18:41:36.926 [main] INFO  setpDefintion.StepsLogin - Clicking on Productpage
18:41:38.394 [main] INFO  setpDefintion.StepsLogin - Entering the Product name
18:41:38.629 [main] INFO  setpDefintion.StepsLogin - Validating the table
18:42:49.320 [main] INFO  setpDefintion.StepsLogin - -----------Chrome Browser is launching---------
18:42:51.536 [main] INFO  setpDefintion.StepsLogin - ---------Launching the Browser----------
18:42:51.578 [main] INFO  setpDefintion.StepsLogin - ---------Opening Application-----------
18:42:58.130 [main] INFO  setpDefintion.StepsLogin - ----------Proving the  Credentials-----
18:42:58.364 [main] INFO  setpDefintion.StepsLogin - ------clicking the logi in button----------
18:43:17.377 [main] INFO  setpDefintion.StepsLogin - Clicking on CatlogMenu
18:43:17.490 [main] INFO  setpDefintion.StepsLogin - Clicking on Productpage
18:43:22.754 [main] INFO  setpDefintion.StepsLogin - Entering the Product name
18:43:22.992 [main] INFO  setpDefintion.StepsLogin - Validating the table
18:46:09.811 [main] INFO  setpDefintion.StepsLogin - -----------Chrome Browser is launching---------
18:46:13.625 [main] INFO  setpDefintion.StepsLogin - ---------Launching the Browser----------
18:46:13.666 [main] INFO  setpDefintion.StepsLogin - ---------Opening Application-----------
18:46:19.554 [main] INFO  setpDefintion.StepsLogin - ----------Proving the  Credentials-----
18:46:19.795 [main] INFO  setpDefintion.StepsLogin - ------clicking the logi in button----------
18:46:32.160 [main] INFO  setpDefintion.StepsLogin - Clicking on CatlogMenu
18:46:32.283 [main] INFO  setpDefintion.StepsLogin - Clicking on Productpage
18:46:34.030 [main] INFO  setpDefintion.StepsLogin - Entering the Product name
18:46:34.278 [main] INFO  setpDefintion.StepsLogin - Validating the table
18:49:19.957 [main] INFO  setpDefintion.StepsLogin - -----------Chrome Browser is launching---------
18:49:22.108 [main] INFO  setpDefintion.StepsLogin - ---------Launching the Browser----------
18:49:22.156 [main] INFO  setpDefintion.StepsLogin - ---------Opening Application-----------
18:49:28.102 [main] INFO  setpDefintion.StepsLogin - ----------Proving the  Credentials-----
18:49:28.432 [main] INFO  setpDefintion.StepsLogin - ------clicking the logi in button----------
18:49:36.565 [main] INFO  setpDefintion.StepsLogin - Clicking on CatlogMenu
18:49:36.695 [main] INFO  setpDefintion.StepsLogin - Clicking on Productpage
18:49:38.772 [main] INFO  setpDefintion.StepsLogin - Validating the table
18:50:19.169 [main] INFO  setpDefintion.StepsLogin - -----------Chrome Browser is launching---------
18:50:21.861 [main] INFO  setpDefintion.StepsLogin - ---------Launching the Browser----------
18:50:21.905 [main] INFO  setpDefintion.StepsLogin - ---------Opening Application-----------
18:50:28.389 [main] INFO  setpDefintion.StepsLogin - ----------Proving the  Credentials-----
18:50:28.811 [main] INFO  setpDefintion.StepsLogin - ------clicking the logi in button----------
18:50:40.330 [main] INFO  setpDefintion.StepsLogin - Clicking on CatlogMenu
18:50:40.446 [main] INFO  setpDefintion.StepsLogin - Clicking on Productpage
18:50:42.098 [main] INFO  setpDefintion.StepsLogin - Validating the table
18:51:18.995 [main] INFO  setpDefintion.StepsLogin - -----------Chrome Browser is launching---------
18:51:22.044 [main] INFO  setpDefintion.StepsLogin - ---------Launching the Browser----------
18:51:22.088 [main] INFO  setpDefintion.StepsLogin - ---------Opening Application-----------
18:51:27.672 [main] INFO  setpDefintion.StepsLogin - ----------Proving the  Credentials-----
18:51:27.929 [main] INFO  setpDefintion.StepsLogin - ------clicking the logi in button----------
18:51:37.212 [main] INFO  setpDefintion.StepsLogin - Clicking on CatlogMenu
18:51:37.354 [main] INFO  setpDefintion.StepsLogin - Clicking on Productpage
18:51:38.960 [main] INFO  setpDefintion.StepsLogin - Validating the table
18:53:11.518 [main] INFO  setpDefintion.StepsLogin - -----------Chrome Browser is launching---------
18:53:14.093 [main] INFO  setpDefintion.StepsLogin - ---------Launching the Browser----------
18:53:14.132 [main] INFO  setpDefintion.StepsLogin - ---------Opening Application-----------
18:53:19.412 [main] INFO  setpDefintion.StepsLogin - ----------Proving the  Credentials-----
18:53:19.629 [main] INFO  setpDefintion.StepsLogin - ------clicking the logi in button----------
18:53:36.130 [main] INFO  setpDefintion.StepsLogin - Clicking on CatlogMenu
18:53:36.270 [main] INFO  setpDefintion.StepsLogin - Clicking on Productpage
18:53:43.036 [main] INFO  setpDefintion.StepsLogin - Validating the table
18:55:37.879 [main] INFO  setpDefintion.StepsLogin - -----------Chrome Browser is launching---------
18:55:42.932 [main] INFO  setpDefintion.StepsLogin - ---------Launching the Browser----------
18:55:42.972 [main] INFO  setpDefintion.StepsLogin - ---------Opening Application-----------
18:56:05.024 [main] INFO  setpDefintion.StepsLogin - ----------Proving the  Credentials-----
18:56:05.249 [main] INFO  setpDefintion.StepsLogin - ------clicking the logi in button----------
18:56:22.787 [main] INFO  setpDefintion.StepsLogin - Clicking on CatlogMenu
18:56:22.901 [main] INFO  setpDefintion.StepsLogin - Clicking on Productpage
18:56:29.897 [main] INFO  setpDefintion.StepsLogin - Validating the table
19:02:37.467 [main] INFO  setpDefintion.StepsLogin - -----------Chrome Browser is launching---------
19:02:40.507 [main] INFO  setpDefintion.StepsLogin - ---------Launching the Browser----------
19:02:40.557 [main] INFO  setpDefintion.StepsLogin - ---------Opening Application-----------
19:02:46.232 [main] INFO  setpDefintion.StepsLogin - ----------Proving the  Credentials-----
19:02:46.451 [main] INFO  setpDefintion.StepsLogin - ------clicking the logi in button----------
19:02:56.103 [main] INFO  setpDefintion.StepsLogin - Clicking on CatlogMenu
19:02:56.226 [main] INFO  setpDefintion.StepsLogin - Clicking on Productpage
19:02:57.902 [main] INFO  setpDefintion.StepsLogin - Validating the table
19:07:55.390 [main] INFO  setpDefintion.StepsLogin - -----------Chrome Browser is launching---------
19:07:58.797 [main] INFO  setpDefintion.StepsLogin - ---------Launching the Browser----------
19:07:58.850 [main] INFO  setpDefintion.StepsLogin - ---------Opening Application-----------
19:08:04.080 [main] INFO  setpDefintion.StepsLogin - ----------Proving the  Credentials-----
19:08:04.318 [main] INFO  setpDefintion.StepsLogin - ------clicking the logi in button----------
19:08:13.443 [main] INFO  setpDefintion.StepsLogin - Clicking on CatlogMenu
19:08:13.544 [main] INFO  setpDefintion.StepsLogin - Clicking on Productpage
19:08:15.559 [main] INFO  setpDefintion.StepsLogin - Validating the table
