14:28:58.551 [main] INFO  setpDefintion.StepsLogin - -----------Chrome Browser is launching---------
14:29:00.961 [main] INFO  setpDefintion.StepsLogin - ---------Launching the Browser----------
14:29:01.000 [main] INFO  setpDefintion.StepsLogin - ---------Opening Application-----------
14:29:07.544 [main] INFO  setpDefintion.StepsLogin - ----------Proving the  Credentials-----
14:29:07.828 [main] INFO  setpDefintion.StepsLogin - ------clicking the logi in button----------
14:29:23.708 [main] INFO  setpDefintion.StepsLogin - ---------clicked the logout button----------
14:29:23.717 [main] INFO  setpDefintion.StepsLogin - ---------------Getting the title of the page-----------
14:29:40.029 [main] INFO  setpDefintion.StepsLogin - Closing the browser
14:50:43.347 [main] INFO  setpDefintion.StepsLogin - -----------Chrome Browser is launching---------
14:50:45.539 [main] INFO  setpDefintion.StepsLogin - ---------Launching the Browser----------
14:50:45.564 [main] INFO  setpDefintion.StepsLogin - ---------Opening Application-----------
14:50:50.506 [main] INFO  setpDefintion.StepsLogin - ----------Proving the  Credentials-----
14:50:50.820 [main] INFO  setpDefintion.StepsLogin - ------clicking the logi in button----------
14:51:07.837 [main] INFO  setpDefintion.StepsLogin - ---------clicked the logout button----------
14:51:07.858 [main] INFO  setpDefintion.StepsLogin - ---------------Getting the title of the page-----------
14:51:24.161 [main] INFO  setpDefintion.StepsLogin - Closing the browser
15:28:04.627 [main] INFO  setpDefintion.StepsLogin - -----------Chrome Browser is launching---------
15:28:06.286 [main] INFO  setpDefintion.StepsLogin - ---------Launching the Browser----------
15:28:06.446 [main] INFO  setpDefintion.StepsLogin - ---------Opening Application-----------
15:28:11.512 [main] INFO  setpDefintion.StepsLogin - ----------Proving the  Credentials-----
15:28:11.729 [main] INFO  setpDefintion.StepsLogin - ------clicking the logi in button----------
15:29:30.768 [main] INFO  setpDefintion.StepsLogin - ---------clicked the logout button----------
15:29:30.786 [main] INFO  setpDefintion.StepsLogin - ---------------Getting the title of the page-----------
15:29:47.071 [main] INFO  setpDefintion.StepsLogin - Closing the browser
15:32:28.325 [main] INFO  setpDefintion.StepsLogin - -----------Chrome Browser is launching---------
15:32:30.180 [main] INFO  setpDefintion.StepsLogin - ---------Launching the Browser----------
15:32:30.205 [main] INFO  setpDefintion.StepsLogin - ---------Opening Application-----------
15:32:36.321 [main] INFO  setpDefintion.StepsLogin - ----------Proving the  Credentials-----
15:32:36.526 [main] INFO  setpDefintion.StepsLogin - ------clicking the logi in button----------
15:33:11.656 [main] INFO  setpDefintion.StepsLogin - ---------clicked the logout button----------
15:33:11.664 [main] INFO  setpDefintion.StepsLogin - ---------------Getting the title of the page-----------
15:33:27.935 [main] INFO  setpDefintion.StepsLogin - Closing the browser
15:34:12.580 [main] INFO  setpDefintion.StepsLogin - -----------Chrome Browser is launching---------
15:34:14.118 [main] INFO  setpDefintion.StepsLogin - ---------Launching the Browser----------
15:34:14.148 [main] INFO  setpDefintion.StepsLogin - ---------Opening Application-----------
15:34:22.107 [main] INFO  setpDefintion.StepsLogin - ----------Proving the  Credentials-----
15:34:22.322 [main] INFO  setpDefintion.StepsLogin - ------clicking the logi in button----------
15:34:44.458 [main] INFO  setpDefintion.StepsLogin - ---------clicked the logout button----------
15:34:44.469 [main] INFO  setpDefintion.StepsLogin - ---------------Getting the title of the page-----------
15:35:00.727 [main] INFO  setpDefintion.StepsLogin - Closing the browser
16:31:11.525 [main] INFO  setpDefintion.StepsLogin - -----------Chrome Browser is launching---------
16:31:13.609 [main] INFO  setpDefintion.StepsLogin - ---------Launching the Browser----------
16:31:13.640 [main] INFO  setpDefintion.StepsLogin - ---------Opening Application-----------
16:31:19.967 [main] INFO  setpDefintion.StepsLogin - ----------Proving the  Credentials-----
16:31:20.195 [main] INFO  setpDefintion.StepsLogin - ------clicking the logi in button----------
16:31:36.808 [main] INFO  setpDefintion.StepsLogin - ---------clicked the logout button----------
16:31:36.815 [main] INFO  setpDefintion.StepsLogin - ---------------Getting the title of the page-----------
16:31:53.091 [main] INFO  setpDefintion.StepsLogin - Closing the browser
19:18:05.307 [main] INFO  setpDefintion.StepsLogin - -----------Chrome Browser is launching---------
19:18:08.386 [main] INFO  setpDefintion.StepsLogin - ---------Launching the Browser----------
19:18:08.449 [main] INFO  setpDefintion.StepsLogin - ---------Opening Application-----------
19:18:22.333 [main] INFO  setpDefintion.StepsLogin - ----------Proving the  Credentials-----
19:18:22.640 [main] INFO  setpDefintion.StepsLogin - ------clicking the logi in button----------
19:18:38.843 [main] INFO  setpDefintion.StepsLogin - ---------clicked the logout button----------
19:18:38.860 [main] INFO  setpDefintion.StepsLogin - ---------------Getting the title of the page-----------
19:18:39.126 [main] INFO  setpDefintion.StepsLogin - Closing the browser
19:22:39.282 [main] INFO  setpDefintion.StepsLogin - -----------Chrome Browser is launching---------
19:45:01.683 [main] INFO  setpDefintion.StepsLogin - -----------Chrome Browser is launching---------
19:45:04.275 [main] INFO  setpDefintion.StepsLogin - ---------Launching the Browser----------
19:45:04.358 [main] INFO  setpDefintion.StepsLogin - ---------Opening Application-----------
19:45:10.626 [main] INFO  setpDefintion.StepsLogin - ----------Proving the  Credentials-----
19:45:11.031 [main] INFO  setpDefintion.StepsLogin - ------clicking the logi in button----------
19:45:27.380 [main] INFO  setpDefintion.StepsLogin - ---------clicked the logout button----------
19:45:27.398 [main] INFO  setpDefintion.StepsLogin - ---------------Getting the title of the page-----------
19:45:43.692 [main] INFO  setpDefintion.StepsLogin - Closing the browser
19:47:07.689 [main] INFO  setpDefintion.StepsLogin - -----------Chrome Browser is launching---------
19:47:09.684 [main] INFO  setpDefintion.StepsLogin - ---------Launching the Browser----------
19:47:09.769 [main] INFO  setpDefintion.StepsLogin - ---------Opening Application-----------
19:47:14.777 [main] INFO  setpDefintion.StepsLogin - ----------Proving the  Credentials-----
19:47:15.069 [main] INFO  setpDefintion.StepsLogin - ------clicking the logi in button----------
19:47:29.947 [main] INFO  setpDefintion.StepsLogin - ---------clicked the logout button----------
19:47:29.967 [main] INFO  setpDefintion.StepsLogin - ---------------Getting the title of the page-----------
19:47:46.249 [main] INFO  setpDefintion.StepsLogin - Closing the browser
19:52:26.436 [main] INFO  setpDefintion.StepsLogin - -----------Chrome Browser is launching---------
19:52:28.425 [main] INFO  setpDefintion.StepsLogin - ---------Launching the Browser----------
19:52:28.500 [main] INFO  setpDefintion.StepsLogin - ---------Opening Application-----------
19:52:33.778 [main] INFO  setpDefintion.StepsLogin - ----------Proving the  Credentials-----
19:52:33.994 [main] INFO  setpDefintion.StepsLogin - ------clicking the logi in button----------
19:52:49.155 [main] INFO  setpDefintion.StepsLogin - ---------clicked the logout button----------
19:52:49.178 [main] INFO  setpDefintion.StepsLogin - ---------------Getting the title of the page-----------
19:52:49.386 [main] INFO  setpDefintion.StepsLogin - Closing the browser
20:03:28.140 [main] INFO  setpDefintion.StepsLogin - -----------Chrome Browser is launching---------
20:03:29.991 [main] INFO  setpDefintion.StepsLogin - ---------Launching the Browser----------
20:03:30.079 [main] INFO  setpDefintion.StepsLogin - ---------Opening Application-----------
20:03:35.393 [main] INFO  setpDefintion.StepsLogin - ----------Proving the  Credentials-----
20:03:35.641 [main] INFO  setpDefintion.StepsLogin - ------clicking the logi in button----------
20:03:51.839 [main] INFO  setpDefintion.StepsLogin - ---------clicked the logout button----------
20:03:51.848 [main] INFO  setpDefintion.StepsLogin - ---------------Getting the title of the page-----------
20:04:08.127 [main] INFO  setpDefintion.StepsLogin - Closing the browser
20:22:41.504 [main] INFO  setpDefintion.StepsLogin - -----------Chrome Browser is launching---------
20:22:43.590 [main] INFO  setpDefintion.StepsLogin - ---------Launching the Browser----------
20:22:43.627 [main] INFO  setpDefintion.StepsLogin - ---------Opening Application-----------
20:22:49.554 [main] INFO  setpDefintion.StepsLogin - ----------Proving the  Credentials-----
20:22:49.758 [main] INFO  setpDefintion.StepsLogin - ------clicking the logi in button----------
20:23:06.864 [main] INFO  setpDefintion.StepsLogin - ---------clicked the logout button----------
20:23:06.869 [main] INFO  setpDefintion.StepsLogin - ---------------Getting the title of the page-----------
20:23:23.087 [main] INFO  setpDefintion.StepsLogin - Closing the browser
20:25:43.827 [main] INFO  setpDefintion.StepsLogin - -----------Chrome Browser is launching---------
20:25:45.880 [main] INFO  setpDefintion.StepsLogin - ---------Launching the Browser----------
20:25:45.925 [main] INFO  setpDefintion.StepsLogin - ---------Opening Application-----------
20:25:51.871 [main] INFO  setpDefintion.StepsLogin - ----------Proving the  Credentials-----
20:25:52.131 [main] INFO  setpDefintion.StepsLogin - ------clicking the logi in button----------
20:26:09.340 [main] INFO  setpDefintion.StepsLogin - ---------clicked the logout button----------
20:26:09.347 [main] INFO  setpDefintion.StepsLogin - ---------------Getting the title of the page-----------
20:26:25.627 [main] INFO  setpDefintion.StepsLogin - Closing the browser
20:29:12.685 [main] INFO  setpDefintion.StepsLogin - -----------Chrome Browser is launching---------
20:29:14.594 [main] INFO  setpDefintion.StepsLogin - ---------Launching the Browser----------
20:29:14.649 [main] INFO  setpDefintion.StepsLogin - ---------Opening Application-----------
20:29:20.979 [main] INFO  setpDefintion.StepsLogin - ----------Proving the  Credentials-----
20:29:21.212 [main] INFO  setpDefintion.StepsLogin - ------clicking the logi in button----------
20:29:39.538 [main] INFO  setpDefintion.StepsLogin - ---------clicked the logout button----------
20:29:39.553 [main] INFO  setpDefintion.StepsLogin - ---------------Getting the title of the page-----------
20:29:39.683 [main] INFO  setpDefintion.StepsLogin - Closing the browser
20:56:40.116 [main] INFO  setpDefintion.StepsLogin - -----------Chrome Browser is launching---------
20:56:42.035 [main] INFO  setpDefintion.StepsLogin - ---------Launching the Browser----------
20:56:42.069 [main] INFO  setpDefintion.StepsLogin - ---------Opening Application-----------
20:56:47.718 [main] INFO  setpDefintion.StepsLogin - ----------Proving the  Credentials-----
20:56:47.958 [main] INFO  setpDefintion.StepsLogin - ------clicking the logi in button----------
20:57:03.559 [main] INFO  setpDefintion.StepsLogin - ---------clicked the logout button----------
20:57:03.566 [main] INFO  setpDefintion.StepsLogin - ---------------Getting the title of the page-----------
20:57:03.659 [main] INFO  setpDefintion.StepsLogin - Closing the browser
21:00:06.197 [main] INFO  setpDefintion.StepsLogin - -----------Chrome Browser is launching---------
21:00:07.825 [main] INFO  setpDefintion.StepsLogin - ---------Launching the Browser----------
21:00:07.861 [main] INFO  setpDefintion.StepsLogin - ---------Opening Application-----------
21:00:14.404 [main] INFO  setpDefintion.StepsLogin - ----------Proving the  Credentials-----
21:00:14.616 [main] INFO  setpDefintion.StepsLogin - ------clicking the logi in button----------
21:00:31.319 [main] INFO  setpDefintion.StepsLogin - ---------clicked the logout button----------
21:00:31.334 [main] INFO  setpDefintion.StepsLogin - ---------------Getting the title of the page-----------
21:00:31.821 [main] INFO  setpDefintion.StepsLogin - Closing the browser
21:01:20.149 [main] INFO  setpDefintion.StepsLogin - -----------Chrome Browser is launching---------
21:01:22.095 [main] INFO  setpDefintion.StepsLogin - ---------Launching the Browser----------
21:01:22.130 [main] INFO  setpDefintion.StepsLogin - ---------Opening Application-----------
21:01:26.672 [main] INFO  setpDefintion.StepsLogin - ----------Proving the  Credentials-----
21:01:26.918 [main] INFO  setpDefintion.StepsLogin - ------clicking the logi in button----------
21:01:41.266 [main] INFO  setpDefintion.StepsLogin - ---------clicked the logout button----------
21:01:41.274 [main] INFO  setpDefintion.StepsLogin - ---------------Getting the title of the page-----------
21:01:57.563 [main] INFO  setpDefintion.StepsLogin - Closing the browser
21:03:54.466 [main] INFO  setpDefintion.StepsLogin - -----------Chrome Browser is launching---------
21:03:56.288 [main] INFO  setpDefintion.StepsLogin - ---------Launching the Browser----------
21:03:56.350 [main] INFO  setpDefintion.StepsLogin - ---------Opening Application-----------
21:04:01.594 [main] INFO  setpDefintion.StepsLogin - ----------Proving the  Credentials-----
21:04:01.820 [main] INFO  setpDefintion.StepsLogin - ------clicking the logi in button----------
21:04:18.520 [main] INFO  setpDefintion.StepsLogin - ---------clicked the logout button----------
21:04:18.525 [main] INFO  setpDefintion.StepsLogin - ---------------Getting the title of the page-----------
21:04:18.627 [main] INFO  setpDefintion.StepsLogin - Closing the browser
21:08:37.778 [main] INFO  setpDefintion.StepsLogin - -----------Chrome Browser is launching---------
21:08:39.464 [main] INFO  setpDefintion.StepsLogin - ---------Launching the Browser----------
21:08:39.509 [main] INFO  setpDefintion.StepsLogin - ---------Opening Application-----------
21:08:44.590 [main] INFO  setpDefintion.StepsLogin - ----------Proving the  Credentials-----
21:08:44.811 [main] INFO  setpDefintion.StepsLogin - ------clicking the logi in button----------
21:09:01.617 [main] INFO  setpDefintion.StepsLogin - ---------clicked the logout button----------
21:09:01.622 [main] INFO  setpDefintion.StepsLogin - ---------------Getting the title of the page-----------
21:09:17.857 [main] INFO  setpDefintion.StepsLogin - Closing the browser
21:15:15.246 [main] INFO  setpDefintion.StepsLogin - -----------Chrome Browser is launching---------
21:15:18.039 [main] INFO  setpDefintion.StepsLogin - ---------Launching the Browser----------
21:15:18.076 [main] INFO  setpDefintion.StepsLogin - ---------Opening Application-----------
21:15:25.333 [main] INFO  setpDefintion.StepsLogin - ----------Proving the  Credentials-----
21:15:25.568 [main] INFO  setpDefintion.StepsLogin - ------clicking the logi in button----------
21:15:35.606 [main] INFO  setpDefintion.StepsLogin - -------------Add a customer page is started------
21:15:35.690 [main] INFO  setpDefintion.StepsLogin - clicked the customermenu
21:15:35.936 [main] INFO  setpDefintion.StepsLogin - -----------Chrome Browser is launching---------
21:15:36.841 [main] INFO  setpDefintion.StepsLogin - ---------Launching the Browser----------
21:15:36.843 [main] INFO  setpDefintion.StepsLogin - ---------Opening Application-----------
21:15:41.737 [main] INFO  setpDefintion.StepsLogin - ----------Proving the  Credentials-----
21:15:41.956 [main] INFO  setpDefintion.StepsLogin - ------clicking the logi in button----------
21:15:50.308 [main] INFO  setpDefintion.StepsLogin - -------------Add a customer page is started------
21:15:50.375 [main] INFO  setpDefintion.StepsLogin - clicked the customermenu
21:15:50.461 [main] INFO  setpDefintion.StepsLogin - -----------Chrome Browser is launching---------
21:15:51.980 [main] INFO  setpDefintion.StepsLogin - ---------Launching the Browser----------
21:15:51.984 [main] INFO  setpDefintion.StepsLogin - ---------Opening Application-----------
21:15:57.745 [main] INFO  setpDefintion.StepsLogin - ----------Proving the  Credentials-----
21:15:57.936 [main] INFO  setpDefintion.StepsLogin - ------clicking the logi in button----------
21:16:06.870 [main] INFO  setpDefintion.StepsLogin - -------------Add a customer page is started------
21:16:06.937 [main] INFO  setpDefintion.StepsLogin - clicked the customermenu
21:16:18.629 [main] INFO  setpDefintion.StepsLogin - clicked the customermenuItem
21:16:18.911 [main] INFO  setpDefintion.StepsLogin - Entering the customer first name
21:16:19.050 [main] INFO  setpDefintion.StepsLogin - Entering the Last name
21:16:19.118 [main] INFO  setpDefintion.StepsLogin - Clicking the search button
21:16:22.231 [main] INFO  setpDefintion.StepsLogin - -----------Chrome Browser is launching---------
21:16:25.780 [main] INFO  setpDefintion.StepsLogin - ---------Launching the Browser----------
21:16:25.783 [main] INFO  setpDefintion.StepsLogin - ---------Opening Application-----------
21:16:32.376 [main] INFO  setpDefintion.StepsLogin - ----------Proving the  Credentials-----
21:16:32.586 [main] INFO  setpDefintion.StepsLogin - ------clicking the logi in button----------
21:16:53.593 [main] INFO  setpDefintion.StepsLogin - ---------clicked the logout button----------
21:16:53.607 [main] INFO  setpDefintion.StepsLogin - ---------------Getting the title of the page-----------
21:16:53.914 [main] INFO  setpDefintion.StepsLogin - Closing the browser
10:36:37.875 [main] INFO  setpDefintion.StepsLogin - -----------Chrome Browser is launching---------
10:36:44.446 [main] INFO  setpDefintion.StepsLogin - ---------Launching the Browser----------
10:36:44.695 [main] INFO  setpDefintion.StepsLogin - ---------Opening Application-----------
10:36:50.656 [main] INFO  setpDefintion.StepsLogin - ----------Proving the  Credentials-----
10:36:51.072 [main] INFO  setpDefintion.StepsLogin - ------clicking the logi in button----------
10:37:11.034 [main] INFO  setpDefintion.StepsLogin - -------------Add a customer page is started------
10:37:11.151 [main] INFO  setpDefintion.StepsLogin - clicked the customermenu
10:37:12.497 [main] INFO  setpDefintion.StepsLogin - clicked the customermenuItem
10:37:24.432 [main] INFO  setpDefintion.StepsLogin - clicked on add new customer
10:37:24.464 [main] INFO  setpDefintion.StepsLogin - Varifying the tittle of the page
10:37:31.581 [main] INFO  setpDefintion.StepsLogin - Added the details of the new customer
10:37:33.081 [main] INFO  setpDefintion.StepsLogin - Clicked the save button
10:37:36.292 [main] INFO  setpDefintion.StepsLogin - Verifying the customer details added
10:37:52.516 [main] INFO  setpDefintion.StepsLogin - Closing the browser
10:38:09.363 [main] INFO  setpDefintion.StepsLogin - -----------Chrome Browser is launching---------
10:38:11.587 [main] INFO  setpDefintion.StepsLogin - ---------Launching the Browser----------
10:38:11.681 [main] INFO  setpDefintion.StepsLogin - ---------Opening Application-----------
10:38:16.078 [main] INFO  setpDefintion.StepsLogin - ----------Proving the  Credentials-----
10:38:16.322 [main] INFO  setpDefintion.StepsLogin - ------clicking the logi in button----------
10:38:24.959 [main] INFO  setpDefintion.StepsLogin - -------------Add a customer page is started------
10:38:25.051 [main] INFO  setpDefintion.StepsLogin - clicked the customermenu
10:38:26.312 [main] INFO  setpDefintion.StepsLogin - clicked the customermenuItem
10:38:26.751 [main] INFO  setpDefintion.StepsLogin - Entering the customer email id
10:38:26.830 [main] INFO  setpDefintion.StepsLogin - Clicking the search button
10:38:30.163 [main] INFO  setpDefintion.StepsLogin - -----------Chrome Browser is launching---------
10:38:31.660 [main] INFO  setpDefintion.StepsLogin - ---------Launching the Browser----------
10:38:31.667 [main] INFO  setpDefintion.StepsLogin - ---------Opening Application-----------
10:38:36.735 [main] INFO  setpDefintion.StepsLogin - ----------Proving the  Credentials-----
10:38:37.005 [main] INFO  setpDefintion.StepsLogin - ------clicking the logi in button----------
10:38:43.066 [main] INFO  setpDefintion.StepsLogin - -------------Add a customer page is started------
10:38:43.172 [main] INFO  setpDefintion.StepsLogin - clicked the customermenu
10:38:44.616 [main] INFO  setpDefintion.StepsLogin - clicked the customermenuItem
10:38:44.868 [main] INFO  setpDefintion.StepsLogin - Entering the customer first name
10:38:45.084 [main] INFO  setpDefintion.StepsLogin - Entering the Last name
10:38:45.156 [main] INFO  setpDefintion.StepsLogin - Clicking the search button
10:41:24.823 [main] INFO  setpDefintion.StepsLogin - -----------Chrome Browser is launching---------
10:41:26.980 [main] INFO  setpDefintion.StepsLogin - ---------Launching the Browser----------
10:41:27.084 [main] INFO  setpDefintion.StepsLogin - ---------Opening Application-----------
10:41:32.342 [main] INFO  setpDefintion.StepsLogin - ----------Proving the  Credentials-----
10:41:32.658 [main] INFO  setpDefintion.StepsLogin - ------clicking the logi in button----------
10:41:41.736 [main] INFO  setpDefintion.StepsLogin - -------------Add a customer page is started------
10:41:41.839 [main] INFO  setpDefintion.StepsLogin - clicked the customermenu
10:41:43.242 [main] INFO  setpDefintion.StepsLogin - clicked the customermenuItem
10:41:43.617 [main] INFO  setpDefintion.StepsLogin - Entering the customer email id
10:41:43.741 [main] INFO  setpDefintion.StepsLogin - Clicking the search button
10:41:46.975 [main] INFO  setpDefintion.StepsLogin - -----------Chrome Browser is launching---------
10:41:48.377 [main] INFO  setpDefintion.StepsLogin - ---------Launching the Browser----------
10:41:48.384 [main] INFO  setpDefintion.StepsLogin - ---------Opening Application-----------
10:41:54.585 [main] INFO  setpDefintion.StepsLogin - ----------Proving the  Credentials-----
10:41:54.875 [main] INFO  setpDefintion.StepsLogin - ------clicking the logi in button----------
10:42:04.732 [main] INFO  setpDefintion.StepsLogin - -------------Add a customer page is started------
10:42:04.812 [main] INFO  setpDefintion.StepsLogin - clicked the customermenu
10:42:06.106 [main] INFO  setpDefintion.StepsLogin - clicked the customermenuItem
10:42:06.278 [main] INFO  setpDefintion.StepsLogin - Entering the customer first name
10:42:06.583 [main] INFO  setpDefintion.StepsLogin - Entering the Last name
10:42:06.663 [main] INFO  setpDefintion.StepsLogin - Clicking the search button
10:51:59.794 [main] INFO  setpDefintion.StepsLogin - -----------Chrome Browser is launching---------
10:52:02.687 [main] INFO  setpDefintion.StepsLogin - ---------Launching the Browser----------
10:52:02.843 [main] INFO  setpDefintion.StepsLogin - ---------Opening Application-----------
10:52:10.366 [main] INFO  setpDefintion.StepsLogin - ----------Proving the  Credentials-----
10:52:10.591 [main] INFO  setpDefintion.StepsLogin - ------clicking the logi in button----------
10:52:20.137 [main] INFO  setpDefintion.StepsLogin - -------------Add a customer page is started------
10:52:20.260 [main] INFO  setpDefintion.StepsLogin - clicked the customermenu
10:52:21.607 [main] INFO  setpDefintion.StepsLogin - clicked the customermenuItem
10:52:21.943 [main] INFO  setpDefintion.StepsLogin - Entering the customer email id
10:52:22.006 [main] INFO  setpDefintion.StepsLogin - Clicking the search button
10:52:25.108 [main] INFO  setpDefintion.StepsLogin - verifying the Serch sutomer list
10:52:25.209 [main] INFO  setpDefintion.StepsLogin - Closing the browser
10:52:25.256 [main] INFO  setpDefintion.StepsLogin - -----------Chrome Browser is launching---------
10:52:26.282 [main] INFO  setpDefintion.StepsLogin - ---------Launching the Browser----------
10:52:26.289 [main] INFO  setpDefintion.StepsLogin - ---------Opening Application-----------
10:52:31.625 [main] INFO  setpDefintion.StepsLogin - ----------Proving the  Credentials-----
10:52:31.821 [main] INFO  setpDefintion.StepsLogin - ------clicking the logi in button----------
10:52:42.336 [main] INFO  setpDefintion.StepsLogin - -------------Add a customer page is started------
10:52:42.433 [main] INFO  setpDefintion.StepsLogin - clicked the customermenu
10:59:34.741 [main] INFO  setpDefintion.StepsLogin - -----------Chrome Browser is launching---------
10:59:36.894 [main] INFO  setpDefintion.StepsLogin - ---------Launching the Browser----------
10:59:36.990 [main] INFO  setpDefintion.StepsLogin - ---------Opening Application-----------
10:59:42.555 [main] INFO  setpDefintion.StepsLogin - ----------Proving the  Credentials-----
10:59:42.872 [main] INFO  setpDefintion.StepsLogin - ------clicking the logi in button----------
10:59:52.672 [main] INFO  setpDefintion.StepsLogin - -------------Add a customer page is started------
10:59:52.791 [main] INFO  setpDefintion.StepsLogin - clicked the customermenu
10:59:52.926 [main] INFO  setpDefintion.StepsLogin - -----------Chrome Browser is launching---------
10:59:53.913 [main] INFO  setpDefintion.StepsLogin - ---------Launching the Browser----------
10:59:53.919 [main] INFO  setpDefintion.StepsLogin - ---------Opening Application-----------
10:59:59.846 [main] INFO  setpDefintion.StepsLogin - ----------Proving the  Credentials-----
11:00:00.292 [main] INFO  setpDefintion.StepsLogin - ------clicking the logi in button----------
11:00:11.391 [main] INFO  setpDefintion.StepsLogin - -------------Add a customer page is started------
11:00:11.498 [main] INFO  setpDefintion.StepsLogin - clicked the customermenu
11:01:07.676 [main] INFO  setpDefintion.StepsLogin - -----------Chrome Browser is launching---------
11:01:10.335 [main] INFO  setpDefintion.StepsLogin - ---------Launching the Browser----------
11:01:10.425 [main] INFO  setpDefintion.StepsLogin - ---------Opening Application-----------
11:01:15.656 [main] INFO  setpDefintion.StepsLogin - ----------Proving the  Credentials-----
11:01:15.950 [main] INFO  setpDefintion.StepsLogin - ------clicking the logi in button----------
11:01:26.228 [main] INFO  setpDefintion.StepsLogin - -------------Add a customer page is started------
11:01:26.323 [main] INFO  setpDefintion.StepsLogin - clicked the customermenu
11:01:36.535 [main] INFO  setpDefintion.StepsLogin - clicked the customermenuItem
11:01:36.882 [main] INFO  setpDefintion.StepsLogin - Entering the customer email id
11:01:36.950 [main] INFO  setpDefintion.StepsLogin - Clicking the search button
11:01:40.050 [main] INFO  setpDefintion.StepsLogin - verifying the Serch sutomer list
11:01:40.167 [main] INFO  setpDefintion.StepsLogin - Closing the browser
11:01:40.213 [main] INFO  setpDefintion.StepsLogin - -----------Chrome Browser is launching---------
11:01:41.226 [main] INFO  setpDefintion.StepsLogin - ---------Launching the Browser----------
11:01:41.229 [main] INFO  setpDefintion.StepsLogin - ---------Opening Application-----------
11:01:46.500 [main] INFO  setpDefintion.StepsLogin - ----------Proving the  Credentials-----
11:01:46.707 [main] INFO  setpDefintion.StepsLogin - ------clicking the logi in button----------
11:01:55.573 [main] INFO  setpDefintion.StepsLogin - -------------Add a customer page is started------
11:01:55.644 [main] INFO  setpDefintion.StepsLogin - clicked the customermenu
11:02:00.822 [main] INFO  setpDefintion.StepsLogin - clicked the customermenuItem
11:02:00.961 [main] INFO  setpDefintion.StepsLogin - Entering the customer first name
11:02:01.097 [main] INFO  setpDefintion.StepsLogin - Entering the Last name
11:02:01.166 [main] INFO  setpDefintion.StepsLogin - Clicking the search button
11:03:20.958 [main] INFO  setpDefintion.StepsLogin - -----------Chrome Browser is launching---------
11:03:24.035 [main] INFO  setpDefintion.StepsLogin - ---------Launching the Browser----------
11:03:24.133 [main] INFO  setpDefintion.StepsLogin - ---------Opening Application-----------
11:03:28.986 [main] INFO  setpDefintion.StepsLogin - ----------Proving the  Credentials-----
11:03:29.271 [main] INFO  setpDefintion.StepsLogin - ------clicking the logi in button----------
11:03:38.104 [main] INFO  setpDefintion.StepsLogin - -------------Add a customer page is started------
11:03:38.215 [main] INFO  setpDefintion.StepsLogin - clicked the customermenu
11:03:42.915 [main] INFO  setpDefintion.StepsLogin - clicked the customermenuItem
11:03:43.215 [main] INFO  setpDefintion.StepsLogin - Entering the customer email id
11:03:43.282 [main] INFO  setpDefintion.StepsLogin - Clicking the search button
11:03:46.401 [main] INFO  setpDefintion.StepsLogin - verifying the Serch sutomer list
11:04:02.647 [main] INFO  setpDefintion.StepsLogin - Closing the browser
11:04:02.688 [main] INFO  setpDefintion.StepsLogin - -----------Chrome Browser is launching---------
11:04:04.284 [main] INFO  setpDefintion.StepsLogin - ---------Launching the Browser----------
11:04:04.290 [main] INFO  setpDefintion.StepsLogin - ---------Opening Application-----------
11:04:10.385 [main] INFO  setpDefintion.StepsLogin - ----------Proving the  Credentials-----
11:04:10.617 [main] INFO  setpDefintion.StepsLogin - ------clicking the logi in button----------
11:04:20.787 [main] INFO  setpDefintion.StepsLogin - -------------Add a customer page is started------
11:04:20.887 [main] INFO  setpDefintion.StepsLogin - clicked the customermenu
11:04:32.331 [main] INFO  setpDefintion.StepsLogin - clicked the customermenuItem
11:04:32.506 [main] INFO  setpDefintion.StepsLogin - Entering the customer first name
11:04:32.678 [main] INFO  setpDefintion.StepsLogin - Entering the Last name
11:04:32.737 [main] INFO  setpDefintion.StepsLogin - Clicking the search button
11:05:41.460 [main] INFO  setpDefintion.StepsLogin - -----------Chrome Browser is launching---------
11:05:43.762 [main] INFO  setpDefintion.StepsLogin - ---------Launching the Browser----------
11:05:43.852 [main] INFO  setpDefintion.StepsLogin - ---------Opening Application-----------
11:05:49.621 [main] INFO  setpDefintion.StepsLogin - ----------Proving the  Credentials-----
11:05:49.890 [main] INFO  setpDefintion.StepsLogin - ------clicking the logi in button----------
11:05:57.272 [main] INFO  setpDefintion.StepsLogin - -------------Add a customer page is started------
11:05:57.387 [main] INFO  setpDefintion.StepsLogin - clicked the customermenu
11:06:02.474 [main] INFO  setpDefintion.StepsLogin - clicked the customermenuItem
11:06:02.672 [main] INFO  setpDefintion.StepsLogin - Entering the customer email id
11:06:02.722 [main] INFO  setpDefintion.StepsLogin - Clicking the search button
11:06:05.845 [main] INFO  setpDefintion.StepsLogin - verifying the Serch sutomer list
11:06:22.064 [main] INFO  setpDefintion.StepsLogin - Closing the browser
11:06:22.117 [main] INFO  setpDefintion.StepsLogin - -----------Chrome Browser is launching---------
11:06:23.290 [main] INFO  setpDefintion.StepsLogin - ---------Launching the Browser----------
11:06:23.296 [main] INFO  setpDefintion.StepsLogin - ---------Opening Application-----------
11:06:31.591 [main] INFO  setpDefintion.StepsLogin - ----------Proving the  Credentials-----
11:06:31.785 [main] INFO  setpDefintion.StepsLogin - ------clicking the logi in button----------
11:06:42.124 [main] INFO  setpDefintion.StepsLogin - -------------Add a customer page is started------
11:06:42.244 [main] INFO  setpDefintion.StepsLogin - clicked the customermenu
11:06:48.201 [main] INFO  setpDefintion.StepsLogin - clicked the customermenuItem
11:06:48.380 [main] INFO  setpDefintion.StepsLogin - Entering the customer first name
11:06:48.570 [main] INFO  setpDefintion.StepsLogin - Entering the Last name
11:06:48.620 [main] INFO  setpDefintion.StepsLogin - Clicking the search button
11:10:46.849 [main] INFO  setpDefintion.StepsLogin - -----------Chrome Browser is launching---------
11:10:49.460 [main] INFO  setpDefintion.StepsLogin - ---------Launching the Browser----------
11:10:49.585 [main] INFO  setpDefintion.StepsLogin - ---------Opening Application-----------
11:10:56.118 [main] INFO  setpDefintion.StepsLogin - ----------Proving the  Credentials-----
11:10:56.420 [main] INFO  setpDefintion.StepsLogin - ------clicking the logi in button----------
11:11:07.371 [main] INFO  setpDefintion.StepsLogin - -------------Add a customer page is started------
11:11:07.478 [main] INFO  setpDefintion.StepsLogin - clicked the customermenu
11:11:11.955 [main] INFO  setpDefintion.StepsLogin - clicked the customermenuItem
11:11:12.251 [main] INFO  setpDefintion.StepsLogin - Entering the customer email id
11:11:12.354 [main] INFO  setpDefintion.StepsLogin - Clicking the search button
11:11:15.486 [main] INFO  setpDefintion.StepsLogin - verifying the Serch sutomer list
11:11:16.299 [main] INFO  setpDefintion.StepsLogin - Closing the browser
11:11:16.335 [main] INFO  setpDefintion.StepsLogin - -----------Chrome Browser is launching---------
11:11:17.741 [main] INFO  setpDefintion.StepsLogin - ---------Launching the Browser----------
11:11:17.743 [main] INFO  setpDefintion.StepsLogin - ---------Opening Application-----------
11:11:24.053 [main] INFO  setpDefintion.StepsLogin - ----------Proving the  Credentials-----
11:11:24.250 [main] INFO  setpDefintion.StepsLogin - ------clicking the logi in button----------
11:11:34.008 [main] INFO  setpDefintion.StepsLogin - -------------Add a customer page is started------
11:11:34.082 [main] INFO  setpDefintion.StepsLogin - clicked the customermenu
11:11:42.552 [main] INFO  setpDefintion.StepsLogin - clicked the customermenuItem
11:11:42.697 [main] INFO  setpDefintion.StepsLogin - Entering the customer first name
11:11:42.867 [main] INFO  setpDefintion.StepsLogin - Entering the Last name
11:11:42.923 [main] INFO  setpDefintion.StepsLogin - Clicking the search button
11:13:11.402 [main] INFO  setpDefintion.StepsLogin - -----------Chrome Browser is launching---------
11:13:13.413 [main] INFO  setpDefintion.StepsLogin - ---------Launching the Browser----------
11:13:13.520 [main] INFO  setpDefintion.StepsLogin - ---------Opening Application-----------
11:13:18.568 [main] INFO  setpDefintion.StepsLogin - ----------Proving the  Credentials-----
11:13:18.869 [main] INFO  setpDefintion.StepsLogin - ------clicking the logi in button----------
11:13:28.763 [main] INFO  setpDefintion.StepsLogin - -------------Add a customer page is started------
11:13:28.903 [main] INFO  setpDefintion.StepsLogin - clicked the customermenu
11:13:34.008 [main] INFO  setpDefintion.StepsLogin - clicked the customermenuItem
11:13:34.180 [main] INFO  setpDefintion.StepsLogin - Entering the customer email id
11:13:34.263 [main] INFO  setpDefintion.StepsLogin - Clicking the search button
11:13:37.358 [main] INFO  setpDefintion.StepsLogin - verifying the Serch sutomer list
11:13:37.459 [main] INFO  setpDefintion.StepsLogin - Closing the browser
11:13:37.528 [main] INFO  setpDefintion.StepsLogin - -----------Chrome Browser is launching---------
11:13:38.327 [main] INFO  setpDefintion.StepsLogin - ---------Launching the Browser----------
11:13:38.330 [main] INFO  setpDefintion.StepsLogin - ---------Opening Application-----------
11:13:42.785 [main] INFO  setpDefintion.StepsLogin - ----------Proving the  Credentials-----
11:13:42.986 [main] INFO  setpDefintion.StepsLogin - ------clicking the logi in button----------
11:13:52.135 [main] INFO  setpDefintion.StepsLogin - -------------Add a customer page is started------
11:13:52.240 [main] INFO  setpDefintion.StepsLogin - clicked the customermenu
11:13:56.841 [main] INFO  setpDefintion.StepsLogin - clicked the customermenuItem
11:13:57.103 [main] INFO  setpDefintion.StepsLogin - Entering the customer first name
11:13:57.272 [main] INFO  setpDefintion.StepsLogin - Entering the Last name
11:13:57.338 [main] INFO  setpDefintion.StepsLogin - Clicking the search button
11:14:00.435 [main] INFO  setpDefintion.StepsLogin - Verifying the customer name in the table
11:14:16.675 [main] INFO  setpDefintion.StepsLogin - Closing the browser
11:15:21.933 [main] INFO  setpDefintion.StepsLogin - -----------Chrome Browser is launching---------
11:15:23.770 [main] INFO  setpDefintion.StepsLogin - ---------Launching the Browser----------
11:15:23.859 [main] INFO  setpDefintion.StepsLogin - ---------Opening Application-----------
11:15:28.681 [main] INFO  setpDefintion.StepsLogin - ----------Proving the  Credentials-----
11:15:28.905 [main] INFO  setpDefintion.StepsLogin - ------clicking the logi in button----------
11:15:35.979 [main] INFO  setpDefintion.StepsLogin - -------------Add a customer page is started------
11:15:36.080 [main] INFO  setpDefintion.StepsLogin - clicked the customermenu
11:15:41.252 [main] INFO  setpDefintion.StepsLogin - clicked the customermenuItem
11:15:41.413 [main] INFO  setpDefintion.StepsLogin - Entering the customer email id
11:15:41.502 [main] INFO  setpDefintion.StepsLogin - Clicking the search button
11:15:44.594 [main] INFO  setpDefintion.StepsLogin - verifying the Serch sutomer list
11:15:45.037 [main] INFO  setpDefintion.StepsLogin - Closing the browser
11:15:45.099 [main] INFO  setpDefintion.StepsLogin - -----------Chrome Browser is launching---------
11:15:46.139 [main] INFO  setpDefintion.StepsLogin - ---------Launching the Browser----------
11:15:46.142 [main] INFO  setpDefintion.StepsLogin - ---------Opening Application-----------
11:15:51.766 [main] INFO  setpDefintion.StepsLogin - ----------Proving the  Credentials-----
11:15:51.969 [main] INFO  setpDefintion.StepsLogin - ------clicking the logi in button----------
11:16:01.348 [main] INFO  setpDefintion.StepsLogin - -------------Add a customer page is started------
11:16:01.423 [main] INFO  setpDefintion.StepsLogin - clicked the customermenu
11:16:06.947 [main] INFO  setpDefintion.StepsLogin - clicked the customermenuItem
11:16:07.125 [main] INFO  setpDefintion.StepsLogin - Entering the customer first name
11:16:07.253 [main] INFO  setpDefintion.StepsLogin - Entering the Last name
11:16:07.306 [main] INFO  setpDefintion.StepsLogin - Clicking the search button
15:26:57.067 [main] INFO  setpDefintion.StepsLogin - -----------Chrome Browser is launching---------
15:27:05.332 [main] INFO  setpDefintion.StepsLogin - ---------Launching the Browser----------
15:27:05.422 [main] INFO  setpDefintion.StepsLogin - ---------Opening Application-----------
15:27:13.176 [main] INFO  setpDefintion.StepsLogin - ----------Proving the  Credentials-----
15:27:14.081 [main] INFO  setpDefintion.StepsLogin - ------clicking the logi in button----------
15:27:30.902 [main] INFO  setpDefintion.StepsLogin - -------------Add a customer page is started------
15:27:31.047 [main] INFO  setpDefintion.StepsLogin - clicked the customermenu
15:27:36.588 [main] INFO  setpDefintion.StepsLogin - clicked the customermenuItem
15:27:36.896 [main] INFO  setpDefintion.StepsLogin - Entering the customer email id
15:27:36.971 [main] INFO  setpDefintion.StepsLogin - Clicking the search button
15:27:40.169 [main] INFO  setpDefintion.StepsLogin - verifying the Serch sutomer list
15:27:40.382 [main] INFO  setpDefintion.StepsLogin - Closing the browser
15:27:40.468 [main] INFO  setpDefintion.StepsLogin - -----------Chrome Browser is launching---------
15:27:41.996 [main] INFO  setpDefintion.StepsLogin - ---------Launching the Browser----------
15:27:42.001 [main] INFO  setpDefintion.StepsLogin - ---------Opening Application-----------
15:27:47.382 [main] INFO  setpDefintion.StepsLogin - ----------Proving the  Credentials-----
15:27:47.635 [main] INFO  setpDefintion.StepsLogin - ------clicking the logi in button----------
15:27:55.628 [main] INFO  setpDefintion.StepsLogin - -------------Add a customer page is started------
15:27:55.756 [main] INFO  setpDefintion.StepsLogin - clicked the customermenu
15:28:01.066 [main] INFO  setpDefintion.StepsLogin - clicked the customermenuItem
15:28:01.203 [main] INFO  setpDefintion.StepsLogin - Entering the customer first name
15:28:01.408 [main] INFO  setpDefintion.StepsLogin - Entering the Last name
15:28:01.472 [main] INFO  setpDefintion.StepsLogin - Clicking the search button
15:28:04.591 [main] INFO  setpDefintion.StepsLogin - Verifying the customer name in the table
15:28:20.842 [main] INFO  setpDefintion.StepsLogin - Closing the browser
15:31:14.623 [main] INFO  setpDefintion.StepsLogin - -----------Chrome Browser is launching---------
15:31:17.488 [main] INFO  setpDefintion.StepsLogin - ---------Launching the Browser----------
15:31:17.660 [main] INFO  setpDefintion.StepsLogin - ---------Opening Application-----------
15:31:22.977 [main] INFO  setpDefintion.StepsLogin - ----------Proving the  Credentials-----
15:31:23.314 [main] INFO  setpDefintion.StepsLogin - ------clicking the logi in button----------
15:31:42.404 [main] INFO  setpDefintion.StepsLogin - -------------Add a customer page is started------
15:31:42.543 [main] INFO  setpDefintion.StepsLogin - clicked the customermenu
15:31:51.122 [main] INFO  setpDefintion.StepsLogin - clicked the customermenuItem
15:31:51.374 [main] INFO  setpDefintion.StepsLogin - Entering the customer email id
15:31:51.420 [main] INFO  setpDefintion.StepsLogin - Clicking the search button
15:31:54.978 [main] INFO  setpDefintion.StepsLogin - -----------Chrome Browser is launching---------
15:31:57.156 [main] INFO  setpDefintion.StepsLogin - ---------Launching the Browser----------
15:31:57.165 [main] INFO  setpDefintion.StepsLogin - ---------Opening Application-----------
15:32:02.507 [main] INFO  setpDefintion.StepsLogin - ----------Proving the  Credentials-----
15:32:03.125 [main] INFO  setpDefintion.StepsLogin - ------clicking the logi in button----------
15:32:26.079 [main] INFO  setpDefintion.StepsLogin - -------------Add a customer page is started------
15:32:26.200 [main] INFO  setpDefintion.StepsLogin - clicked the customermenu
15:32:31.354 [main] INFO  setpDefintion.StepsLogin - clicked the customermenuItem
15:32:31.563 [main] INFO  setpDefintion.StepsLogin - Entering the customer first name
15:32:31.778 [main] INFO  setpDefintion.StepsLogin - Entering the Last name
15:32:31.849 [main] INFO  setpDefintion.StepsLogin - Clicking the search button
15:32:34.989 [main] INFO  setpDefintion.StepsLogin - Verifying the customer name in the table
15:32:35.202 [main] INFO  setpDefintion.StepsLogin - Closing the browser
15:34:44.983 [main] INFO  setpDefintion.StepsLogin - -----------Chrome Browser is launching---------
15:34:47.212 [main] INFO  setpDefintion.StepsLogin - ---------Launching the Browser----------
15:34:47.286 [main] INFO  setpDefintion.StepsLogin - ---------Opening Application-----------
15:34:57.979 [main] INFO  setpDefintion.StepsLogin - ----------Proving the  Credentials-----
15:34:58.199 [main] INFO  setpDefintion.StepsLogin - ------clicking the logi in button----------
15:35:13.226 [main] INFO  setpDefintion.StepsLogin - -------------Add a customer page is started------
15:35:13.348 [main] INFO  setpDefintion.StepsLogin - clicked the customermenu
15:35:31.181 [main] INFO  setpDefintion.StepsLogin - clicked the customermenuItem
15:35:31.469 [main] INFO  setpDefintion.StepsLogin - Entering the customer email id
15:35:31.530 [main] INFO  setpDefintion.StepsLogin - Clicking the search button
15:35:34.986 [main] INFO  setpDefintion.StepsLogin - -----------Chrome Browser is launching---------
15:35:35.896 [main] INFO  setpDefintion.StepsLogin - ---------Launching the Browser----------
15:35:35.904 [main] INFO  setpDefintion.StepsLogin - ---------Opening Application-----------
15:35:42.020 [main] INFO  setpDefintion.StepsLogin - ----------Proving the  Credentials-----
15:35:42.211 [main] INFO  setpDefintion.StepsLogin - ------clicking the logi in button----------
15:36:17.196 [main] INFO  setpDefintion.StepsLogin - -------------Add a customer page is started------
15:36:17.477 [main] INFO  setpDefintion.StepsLogin - clicked the customermenu
15:36:33.474 [main] INFO  setpDefintion.StepsLogin - clicked the customermenuItem
15:36:33.733 [main] INFO  setpDefintion.StepsLogin - Entering the customer first name
15:36:33.972 [main] INFO  setpDefintion.StepsLogin - Entering the Last name
15:36:34.043 [main] INFO  setpDefintion.StepsLogin - Clicking the search button
15:36:37.197 [main] INFO  setpDefintion.StepsLogin - Verifying the customer name in the table
15:36:53.455 [main] INFO  setpDefintion.StepsLogin - Closing the browser
15:48:04.082 [main] INFO  setpDefintion.StepsLogin - -----------Chrome Browser is launching---------
15:48:06.205 [main] INFO  setpDefintion.StepsLogin - ---------Launching the Browser----------
15:48:06.305 [main] INFO  setpDefintion.StepsLogin - ---------Opening Application-----------
15:48:15.503 [main] INFO  setpDefintion.StepsLogin - ----------Proving the  Credentials-----
15:48:15.737 [main] INFO  setpDefintion.StepsLogin - ------clicking the logi in button----------
15:48:26.519 [main] INFO  setpDefintion.StepsLogin - -------------Add a customer page is started------
15:48:26.603 [main] INFO  setpDefintion.StepsLogin - clicked the customermenu
15:48:32.635 [main] INFO  setpDefintion.StepsLogin - clicked the customermenuItem
15:48:32.907 [main] INFO  setpDefintion.StepsLogin - Entering the customer email id
15:48:32.957 [main] INFO  setpDefintion.StepsLogin - Clicking the search button
15:48:36.513 [main] INFO  setpDefintion.StepsLogin - -----------Chrome Browser is launching---------
15:48:37.795 [main] INFO  setpDefintion.StepsLogin - ---------Launching the Browser----------
15:48:37.800 [main] INFO  setpDefintion.StepsLogin - ---------Opening Application-----------
15:48:43.467 [main] INFO  setpDefintion.StepsLogin - ----------Proving the  Credentials-----
15:48:43.743 [main] INFO  setpDefintion.StepsLogin - ------clicking the logi in button----------
15:48:55.718 [main] INFO  setpDefintion.StepsLogin - -------------Add a customer page is started------
15:48:55.798 [main] INFO  setpDefintion.StepsLogin - clicked the customermenu
15:49:01.483 [main] INFO  setpDefintion.StepsLogin - clicked the customermenuItem
15:49:01.671 [main] INFO  setpDefintion.StepsLogin - Entering the customer first name
15:49:01.875 [main] INFO  setpDefintion.StepsLogin - Entering the Last name
15:49:01.939 [main] INFO  setpDefintion.StepsLogin - Clicking the search button
15:49:05.067 [main] INFO  setpDefintion.StepsLogin - Verifying the customer name in the table
15:49:21.322 [main] INFO  setpDefintion.StepsLogin - Closing the browser
16:07:19.371 [main] INFO  setpDefintion.StepsLogin - -----------Chrome Browser is launching---------
16:07:22.070 [main] INFO  setpDefintion.StepsLogin - ---------Launching the Browser----------
16:07:22.167 [main] INFO  setpDefintion.StepsLogin - ---------Opening Application-----------
16:07:28.576 [main] INFO  setpDefintion.StepsLogin - ----------Proving the  Credentials-----
16:07:28.902 [main] INFO  setpDefintion.StepsLogin - ------clicking the logi in button----------
16:07:37.157 [main] INFO  setpDefintion.StepsLogin - -------------Add a customer page is started------
16:07:37.275 [main] INFO  setpDefintion.StepsLogin - clicked the customermenu
16:07:42.768 [main] INFO  setpDefintion.StepsLogin - clicked the customermenuItem
16:07:42.929 [main] INFO  setpDefintion.StepsLogin - Entering the customer email id
16:07:43.009 [main] INFO  setpDefintion.StepsLogin - Clicking the search button
16:07:46.495 [main] INFO  setpDefintion.StepsLogin - -----------Chrome Browser is launching---------
16:07:48.172 [main] INFO  setpDefintion.StepsLogin - ---------Launching the Browser----------
16:07:48.182 [main] INFO  setpDefintion.StepsLogin - ---------Opening Application-----------
16:07:53.867 [main] INFO  setpDefintion.StepsLogin - ----------Proving the  Credentials-----
16:07:54.183 [main] INFO  setpDefintion.StepsLogin - ------clicking the logi in button----------
16:08:03.372 [main] INFO  setpDefintion.StepsLogin - -------------Add a customer page is started------
16:08:03.459 [main] INFO  setpDefintion.StepsLogin - clicked the customermenu
16:08:08.514 [main] INFO  setpDefintion.StepsLogin - clicked the customermenuItem
16:08:08.706 [main] INFO  setpDefintion.StepsLogin - Entering the customer first name
16:08:08.899 [main] INFO  setpDefintion.StepsLogin - Entering the Last name
16:08:08.965 [main] INFO  setpDefintion.StepsLogin - Clicking the search button
16:08:12.067 [main] INFO  setpDefintion.StepsLogin - Verifying the customer name in the table
16:08:28.308 [main] INFO  setpDefintion.StepsLogin - Closing the browser
15:22:51.331 [main] INFO  setpDefintion.StepsLogin - -----------Chrome Browser is launching---------
15:23:04.388 [main] INFO  setpDefintion.StepsLogin - ---------Launching the Browser----------
15:23:04.663 [main] INFO  setpDefintion.StepsLogin - ---------Opening Application-----------
15:23:09.558 [main] INFO  setpDefintion.StepsLogin - ----------Proving the  Credentials-----
15:23:10.457 [main] INFO  setpDefintion.StepsLogin - ------clicking the logi in button----------
15:23:20.808 [main] INFO  setpDefintion.StepsLogin - -------------Add a customer page is started------
15:23:20.991 [main] INFO  setpDefintion.StepsLogin - clicked the customermenu
15:23:26.609 [main] INFO  setpDefintion.StepsLogin - clicked the customermenuItem
15:23:26.779 [main] INFO  setpDefintion.StepsLogin - Entering the customer email id
15:23:26.821 [main] INFO  setpDefintion.StepsLogin - Clicking the search button
15:23:30.393 [main] INFO  setpDefintion.StepsLogin - -----------Chrome Browser is launching---------
